# JRE version: Java(TM) SE Runtime Environment (21.0.3+7) (build 21.0.3+7-LTS-152)
# Java VM: Java HotSpot(TM) 64-Bit Server VM (21.0.3+7-LTS-152, mixed mode, sharing, tiered, compressed oops, compressed class ptrs, g1 gc, windows-amd64)
GC Precious Log:
 CardTable entry size: 512
 Card Set container configuration: InlinePtr #cards 5 size 8 Array Of Cards #cards 12 size 40 Howl #buckets 4 coarsen threshold 1843 Howl Bitmap #cards 512 size 80 coarsen threshold 460 Card regions per heap region 1 cards per card region 2048
 CPUs: 4 total, 4 available
 Memory: 12168M
 Large Page Support: Disabled
 NUMA Support: Disabled
 Compressed Oops: Enabled (32-bit)
 Heap Region Size: 1M
 Heap Min Capacity: 8M
 Heap Initial Capacity: 192M
 Heap Max Capacity: 2G
 Pre-touch: Disabled
 Parallel Workers: 4
 Concurrent Workers: 1
 Concurrent Refinement Workers: 4
 Periodic GC: Disabled
Heap:
 garbage-first heap   total 291840K, used 284977K [0x0000000080000000, 0x0000000100000000)
  region size 1024K, 95 young (97280K), 4 survivors (4096K)
 Metaspace       used 117435K, committed 119936K, reserved 557056K
  class space    used 16162K, committed 17408K, reserved 425984K
GC Heap History (20 events):
Event: 30.585 GC heap after
{Heap after GC invocations=35 (full 0):
 garbage-first heap   total 178176K, used 102521K [0x0000000080000000, 0x0000000100000000)
  region size 1024K, 7 young (7168K), 7 survivors (7168K)
 Metaspace       used 96774K, committed 99008K, reserved 557056K
  class space    used 13492K, committed 14592K, reserved 425984K
}
Event: 31.483 GC heap before
{Heap before GC invocations=35 (full 0):
 garbage-first heap   total 178176K, used 158841K [0x0000000080000000, 0x0000000100000000)
  region size 1024K, 62 young (63488K), 7 survivors (7168K)
 Metaspace       used 100712K, committed 102976K, reserved 557056K
  class space    used 14196K, committed 15296K, reserved 425984K
}
Event: 31.494 GC heap after
{Heap after GC invocations=36 (full 0):
 garbage-first heap   total 178176K, used 105021K [0x0000000080000000, 0x0000000100000000)
  region size 1024K, 5 young (5120K), 5 survivors (5120K)
 Metaspace       used 100712K, committed 102976K, reserved 557056K
  class space    used 14196K, committed 15296K, reserved 425984K
}
Event: 32.704 GC heap before
{Heap before GC invocations=36 (full 0):
 garbage-first heap   total 178176K, used 152125K [0x0000000080000000, 0x0000000100000000)
  region size 1024K, 52 young (53248K), 5 survivors (5120K)
 Metaspace       used 102812K, committed 105152K, reserved 557056K
  class space    used 14451K, committed 15616K, reserved 425984K
}
Event: 32.721 GC heap after
{Heap after GC invocations=37 (full 0):
 garbage-first heap   total 178176K, used 109354K [0x0000000080000000, 0x0000000100000000)
  region size 1024K, 7 young (7168K), 7 survivors (7168K)
 Metaspace       used 102812K, committed 105152K, reserved 557056K
  class space    used 14451K, committed 15616K, reserved 425984K
}
Event: 33.811 GC heap before
{Heap before GC invocations=38 (full 0):
 garbage-first heap   total 215040K, used 162602K [0x0000000080000000, 0x0000000100000000)
  region size 1024K, 55 young (56320K), 7 survivors (7168K)
 Metaspace       used 104164K, committed 106560K, reserved 557056K
  class space    used 14677K, committed 15872K, reserved 425984K
}
Event: 33.829 GC heap after
{Heap after GC invocations=39 (full 0):
 garbage-first heap   total 215040K, used 122642K [0x0000000080000000, 0x0000000100000000)
  region size 1024K, 7 young (7168K), 7 survivors (7168K)
 Metaspace       used 104164K, committed 106560K, reserved 557056K
  class space    used 14677K, committed 15872K, reserved 425984K
}
Event: 35.010 GC heap before
{Heap before GC invocations=39 (full 0):
 garbage-first heap   total 215040K, used 186130K [0x0000000080000000, 0x0000000100000000)
  region size 1024K, 68 young (69632K), 7 survivors (7168K)
 Metaspace       used 106467K, committed 108928K, reserved 557056K
  class space    used 14942K, committed 16128K, reserved 425984K
}
Event: 35.025 GC heap after
{Heap after GC invocations=40 (full 0):
 garbage-first heap   total 215040K, used 133457K [0x0000000080000000, 0x0000000100000000)
  region size 1024K, 9 young (9216K), 9 survivors (9216K)
 Metaspace       used 106467K, committed 108928K, reserved 557056K
  class space    used 14942K, committed 16128K, reserved 425984K
}
Event: 36.019 GC heap before
{Heap before GC invocations=40 (full 0):
 garbage-first heap   total 215040K, used 189777K [0x0000000080000000, 0x0000000100000000)
  region size 1024K, 64 young (65536K), 9 survivors (9216K)
 Metaspace       used 111680K, committed 114112K, reserved 557056K
  class space    used 15646K, committed 16832K, reserved 425984K
}
Event: 36.031 GC heap after
{Heap after GC invocations=41 (full 0):
 garbage-first heap   total 215040K, used 137296K [0x0000000080000000, 0x0000000100000000)
  region size 1024K, 4 young (4096K), 4 survivors (4096K)
 Metaspace       used 111680K, committed 114112K, reserved 557056K
  class space    used 15646K, committed 16832K, reserved 425984K
}
Event: 37.119 GC heap before
{Heap before GC invocations=42 (full 0):
 garbage-first heap   total 242688K, used 192592K [0x0000000080000000, 0x0000000100000000)
  region size 1024K, 58 young (59392K), 4 survivors (4096K)
 Metaspace       used 113971K, committed 116416K, reserved 557056K
  class space    used 15924K, committed 17152K, reserved 425984K
}
Event: 37.135 GC heap after
{Heap after GC invocations=43 (full 0):
 garbage-first heap   total 242688K, used 142068K [0x0000000080000000, 0x0000000100000000)
  region size 1024K, 8 young (8192K), 8 survivors (8192K)
 Metaspace       used 113971K, committed 116416K, reserved 557056K
  class space    used 15924K, committed 17152K, reserved 425984K
}
Event: 38.510 GC heap before
{Heap before GC invocations=43 (full 0):
 garbage-first heap   total 242688K, used 217844K [0x0000000080000000, 0x0000000100000000)
  region size 1024K, 78 young (79872K), 8 survivors (8192K)
 Metaspace       used 116474K, committed 118976K, reserved 557056K
  class space    used 16104K, committed 17344K, reserved 425984K
}
Event: 38.532 GC heap after
{Heap after GC invocations=44 (full 0):
 garbage-first heap   total 242688K, used 149318K [0x0000000080000000, 0x0000000100000000)
  region size 1024K, 10 young (10240K), 10 survivors (10240K)
 Metaspace       used 116474K, committed 118976K, reserved 557056K
  class space    used 16104K, committed 17344K, reserved 425984K
}
Event: 39.691 GC heap before
{Heap before GC invocations=44 (full 0):
 garbage-first heap   total 242688K, used 214854K [0x0000000080000000, 0x0000000100000000)
  region size 1024K, 75 young (76800K), 10 survivors (10240K)
 Metaspace       used 117084K, committed 119552K, reserved 557056K
  class space    used 16151K, committed 17408K, reserved 425984K
}
Event: 39.712 GC heap after
{Heap after GC invocations=45 (full 0):
 garbage-first heap   total 242688K, used 157901K [0x0000000080000000, 0x0000000100000000)
  region size 1024K, 8 young (8192K), 8 survivors (8192K)
 Metaspace       used 117084K, committed 119552K, reserved 557056K
  class space    used 16151K, committed 17408K, reserved 425984K
}
Event: 40.738 GC heap before
{Heap before GC invocations=46 (full 0):
 garbage-first heap   total 288768K, used 217293K [0x0000000080000000, 0x0000000100000000)
  region size 1024K, 67 young (68608K), 8 survivors (8192K)
 Metaspace       used 117086K, committed 119552K, reserved 557056K
  class space    used 16151K, committed 17408K, reserved 425984K
}
Event: 40.749 GC heap after
{Heap after GC invocations=47 (full 0):
 garbage-first heap   total 288768K, used 161142K [0x0000000080000000, 0x0000000100000000)
  region size 1024K, 4 young (4096K), 4 survivors (4096K)
 Metaspace       used 117086K, committed 119552K, reserved 557056K
  class space    used 16151K, committed 17408K, reserved 425984K
}
Event: 42.363 GC heap before
{Heap before GC invocations=47 (full 0):
 garbage-first heap   total 288768K, used 284022K [0x0000000080000000, 0x0000000100000000)
  region size 1024K, 95 young (97280K), 4 survivors (4096K)
 Metaspace       used 117435K, committed 119936K, reserved 557056K
  class space    used 16162K, committed 17408K, reserved 425984K
}

